<?xml version="1.0" encoding="UTF-8"?>
<robot generator="Robot 5.0.1 (Python 3.9.2 on win32)" generated="20220801 17:25:09.333" rpa="false" schemaversion="3">
<suite id="s1" name="Char Marvel" source="C:\Users\renan.neves\Documents\teste_softw_estudo_31_07\integration_test\char_marvel.robot">
<kw name="Configurar nossa autorizacao para API" library="char_marvel" type="SETUP">
<kw name="Set Variable" library="BuiltIn">
<var>${URL}</var>
<doc>Returns the given values which can then be assigned to a variables.</doc>
<msg timestamp="20220801 17:25:09.456" level="INFO">${URL} = </msg>
<status status="PASS" starttime="20220801 17:25:09.456" endtime="20220801 17:25:09.456"/>
</kw>
<status status="PASS" starttime="20220801 17:25:09.456" endtime="20220801 17:25:09.456"/>
</kw>
<test id="s1-t1" name="Testar API Characters da Marvel" line="8">
<kw name="Configurar nossa autorizacao para API" library="char_marvel">
<kw name="Set Variable" library="BuiltIn">
<var>${URL}</var>
<doc>Returns the given values which can then be assigned to a variables.</doc>
<msg timestamp="20220801 17:25:09.458" level="INFO">${URL} = </msg>
<status status="PASS" starttime="20220801 17:25:09.457" endtime="20220801 17:25:09.458"/>
</kw>
<status status="PASS" starttime="20220801 17:25:09.457" endtime="20220801 17:25:09.458"/>
</kw>
<kw name="Realizar a requisicao para API" library="char_marvel">
<kw name="Create Session" library="RequestsLibrary">
<arg>requisicao_char</arg>
<arg>${BASE_URL}</arg>
<arg>headers=${HEADERS}</arg>
<doc>Create Session: create a HTTP session to a server</doc>
<msg timestamp="20220801 17:25:09.459" level="INFO">Creating Session using : alias=requisicao_char, url=https://gateway.marvel.com:443/, headers={'Referer': 'developer.marvel.com', 'Content-Type': 'application/json'},                     cookies={}, auth=None, timeout=None, proxies=None, verify=False,                     debug=0 </msg>
<status status="PASS" starttime="20220801 17:25:09.459" endtime="20220801 17:25:09.459"/>
</kw>
<kw name="GET On Session" library="RequestsLibrary">
<var>${response_char}</var>
<arg>requisicao_char</arg>
<arg>url=${URL_CHAR}?apikey=${API_KEY}</arg>
<doc>Sends a GET request on a previously created HTTP Session.</doc>
<msg timestamp="20220801 17:25:10.848" level="INFO">GET Request : url=https://gateway.marvel.com:443/v1/public/characters?apikey=a109a3692d88f957961a1a7768f51390 
 path_url=/v1/public/characters?apikey=a109a3692d88f957961a1a7768f51390 
 headers={'User-Agent': 'python-requests/2.28.1', 'Accept-Encoding': 'gzip, deflate', 'Accept': '*/*', 'Connection': 'keep-alive', 'Referer': 'developer.marvel.com', 'Content-Type': 'application/json'} 
 body=None 
 </msg>
<msg timestamp="20220801 17:25:10.848" level="INFO">GET Response : url=https://gateway.marvel.com:443/v1/public/characters?apikey=a109a3692d88f957961a1a7768f51390 
 status=200, reason=OK 
 headers={'Content-Encoding': 'gzip', 'ETag': '1ae26b09cf5d0095b1cf2834052c8f313363ab10', 'Content-Type': 'application/json; charset=utf-8', 'Date': 'Mon, 01 Aug 2022 20:31:24 GMT', 'Connection': 'keep-alive', 'Transfer-Encoding': 'chunked'} 
 body={"code":200,"status":"Ok","copyright":"© 2022 MARVEL","attributionText":"Data provided by Marvel. © 2022 MARVEL","attributionHTML":"&lt;a href=\"http://marvel.com\"&gt;Data provided by Marvel. © 2022 MARVEL&lt;/a&gt;","etag":"1ae26b09cf5d0095b1cf2834052c8f313363ab10","data":{"offset":0,"limit":20,"total":1562,"count":20,"results":[{"id":1011334,"name":"3-D Man","description":"","modified":"2014-04-29T14:18:17-0400","thumbnail":{"path":"http://i.annihil.us/u/prod/marvel/i/mg/c/e0/535fecbbb9784","extension":"jpg"},"resourceURI":"http://gateway.marvel.com/v1/public/characters/1011334","comics":{"available":12,"collectionURI":"http://gateway.marvel.com/v1/public/characters/1011334/comics","items":[{"resourceURI":"http://gateway.marvel.com/v1/public/comics/21366","name":"Avengers: The Initiative (2007) #14"},{"resourceURI":"http://gateway.marvel.com/v1/public/comics/24571","name":"Avengers: The Initiative (2007) #14 (SPOTLIGHT VARIANT)"},{"resourceURI":"http://gateway.marvel.com/v1/public/comics/21546","name":"Avengers: The Initiative (2007) #15"},{"resourceURI":"http://gateway.marvel.com/v1/public/comics/21741","name":"Avengers: The Initiative (2007) #16"},{"resourceURI":"http://gateway.marvel.com/v1/public/comics/21975","name":"Avengers: The Initiative (2007) #17"},{"resourceURI":"http://gateway.marvel.com/v1/public/comics/22299","name":"Avengers: The Initiative (2007) #18"},{"resourceURI":"http://gateway.marvel.com/v1/public/comics/22300","name":"Avengers: The Initiative (2007) #18 (ZOMBIE VARIANT)"},{"resourceURI":"http://gateway.marvel.com/v1/public/comics/22506","name":"Avengers: The Initiative (2007) #19"},{"resourceURI":"http://gateway.marvel.com/v1/public/comics/8500","name":"Deadpool (1997) #44"},{"resourceURI":"http://gateway.marvel.com/v1/public/comics/10223","name":"Marvel Premiere (1972) #35"},{"resourceURI":"http://gateway.marvel.com/v1/public/comics/10224","name":"Marvel Premiere (1972) #36"},{"resourceURI":"http://gateway.marvel.com/v1/public/comics/10225","name":"Marvel Premiere (1972) #37"}],"returned":12},"series":{"available":3,"collectionURI":"http://gateway.marvel.com/v1/public/characters/1011334/series","items":[{"resourceURI":"http://gateway.marvel.com/v1/public/series/1945","name":"Avengers: The Initiative (2007 - 2010)"},{"resourceURI":"http://gateway.marvel.com/v1/public/series/2005","name":"Deadpool (1997 - 2002)"},{"resourceURI":"http://gateway.marvel.com/v1/public/series/2045","name":"Marvel Premiere (1972 - 1981)"}],"returned":3},"stories":{"available":21,"collectionURI":"http://gateway.marvel.com/v1/public/characters/1011334/stories","items":[{"resourceURI":"http://gateway.marvel.com/v1/public/stories/19947","name":"Cover #19947","type":"cover"},{"resourceURI":"http://gateway.marvel.com/v1/public/stories/19948","name":"The 3-D Man!","type":"interiorStory"},{"resourceURI":"http://gateway.marvel.com/v1/public/stories/19949","name":"Cover #19949","type":"cover"},{"resourceURI":"http://gateway.marvel.com/v1/public/stories/19950","name":"The Devil's Music!","type":"interiorStory"},{"resourceURI":"http://gateway.marvel.com/v1/public/stories/19951","name":"Cover #19951","type":"cover"},{"resourceURI":"http://gateway.marvel.com/v1/public/stories/19952","name":"Code-Name:  The Cold Warrior!","type":"interiorStory"},{"resourceURI":"http://gateway.marvel.com/v1/public/stories/47184","name":"AVENGERS: THE INITIATIVE (2007) #14","type":"cover"},{"resourceURI":"http://gateway.marvel.com/v1/public/stories/47185","name":"Avengers: The Initiative (2007) #14 - Int","type":"interiorStory"},{"resourceURI":"http://gateway.marvel.com/v1/public/stories/47498","name":"AVENGERS: THE INITIATIVE (2007) #15","type":"cover"},{"resourceURI":"http://gateway.marvel.com/v1/public/stories/47499","name":"Avengers: The Initiative (2007) #15 - Int","type":"interiorStory"},{"resourceURI":"http://gateway.marvel.com/v1/public/stories/47792","name":"AVENGERS: THE INITIATIVE (2007) #16","type":"cover"},{"resourceURI":"http://gateway.marvel.com/v1/public/stories/47793","name":"Avengers: The Initiative (2007) #16 - Int","type":"interiorStory"},{"resourceURI":"http://gateway.marvel.com/v1/public/stories/48361","name":"AVENGERS: THE INITIATIVE (2007) #17","type":"cover"},{"resourceURI":"http://gateway.marvel.com/v1/public/stories/48362","name":"Avengers: The Initiative (2007) #17 - Int","type":"interiorStory"},{"resourceURI":"http://gateway.marvel.com/v1/public/stories/49103","name":"AVENGERS: THE INITIATIVE (2007) #18","type":"cover"},{"resourceURI":"http://gateway.marvel.com/v1/public/stories/49104","name":"Avengers: The Initiative (2007) #18 - Int","type":"interiorStory"},{"resourceURI":"http://gateway.marvel.com/v1/public/stories/49106","name":"Avengers: The Initiative (2007) #18, Zombie Variant - Int","type":"interiorStory"},{"resourceURI":"http://gateway.marvel.com/v1/public/stories/49888","name":"AVENGERS: THE INITIATIVE (2007) #19","type":"cover"},{"resourceURI":"http://gateway.marvel.com/v1/public/stories/49889","name":"Avengers: The Initiative (2007) #19 - Int","type":"interiorStory"},{"resourceURI":"http://gateway.marvel.com/v1/public/stories/54371","name":"Avengers: The Initiative (2007) #14, Spotlight Variant - Int","type":"interiorStory"}],"returned":20},"events":{"available":1,"collectionURI":"http://gateway.marvel.com/v1/public/characters/1011334/events","items":[{"resourceURI":"http://gateway.marvel.com/v1/public/events/269","name":"Secret Invasion"}],"returned":1},"urls":[{"type":"detail","url":"http://marvel.com/comics/characters/1011334/3-d_man?utm_campaign=apiRef&amp;utm_source=bce4864d4864972f92a041912036d003"},{"type":"wiki","url":"http://marvel.com/universe/3-D_Man_(Chandler)?utm_campaign=apiRef&amp;utm_source=bce4864d4864972f92a041912036d003"},{"type":"comiclink","url":"http://marvel.com/comics/characters/1011334/3-d_man?utm_campaign=apiRef&amp;utm_source=bce4864d4864972f92a041912036d003"}]},{"id":1017100,"name":"A-Bomb (HAS)","description":"Rick Jones has been Hulk's best bud since day one, but now he's more than a friend...he's a teammate! Transformed by a Gamma energy explosion, A-Bomb's thick, armored skin is just as strong and powerful as it is blue. And when he curls into action, he uses it like a giant bowling ball of destruction! ","modified":"2013-09-18T15:54:04-0400","thumbnail":{"path":"http://i.annihil.us/u/prod/marvel/i/mg/3/20/5232158de5b16","extension":"jpg"},"resourceURI":"http://gateway.marvel.com/v1/public/characters/1017100","comics":{"available":4,"collectionURI":"http://gateway.marvel.com/v1/public/characters/1017100/comics","items":[{"resourceURI":"http://gateway.marvel.com/v1/public/comics/47176","name":"FREE COMIC BOOK DAY 2013 1 (2013) #1"},{"resourceURI":"http://gateway.marvel.com/v1/public/comics/40632","name":"Hulk (2008) #53"},{"resourceURI":"http://gateway.marvel.com/v1/public/comics/40630","name":"Hulk (2008) #54"},{"resourceURI":"http://gateway.marvel.com/v1/public/comics/40628","name":"Hulk (2008) #55"}],"returned":4},"series":{"available":2,"collectionURI":"http://gateway.marvel.com/v1/public/characters/1017100/series","items":[{"resourceURI":"http://gateway.marvel.com/v1/public/series/17765","name":"FREE COMIC BOOK DAY 2013 1 (2013)"},{"resourceURI":"http://gateway.marvel.com/v1/public/series/3374","name":"Hulk (2008 - 2012)"}],"returned":2},"stories":{"available":7,"collectionURI":"http://gateway.marvel.com/v1/public/characters/1017100/stories","items":[{"resourceURI":"http://gateway.marvel.com/v1/public/stories/92078","name":"Hulk (2008) #55","type":"cover"},{"resourceURI":"http://gateway.marvel.com/v1/public/stories/92079","name":"Interior #92079","type":"interiorStory"},{"resourceURI":"http://gateway.marvel.com/v1/public/stories/92082","name":"Hulk (2008) #54","type":"cover"},{"resourceURI":"http://gateway.marvel.com/v1/public/stories/92083","name":"Interior #92083","type":"interiorStory"},{"resourceURI":"http://gateway.marvel.com/v1/public/stories/92086","name":"Hulk (2008) #53","type":"cover"},{"resourceURI":"http://gateway.marvel.com/v1/public/stories/92087","name":"Interior #92087","type":"interiorStory"},{"resourceURI":"http://gateway.marvel.com/v1/public/stories/105929","name":"cover from Free Comic Book Day 2013 (Avengers/Hulk) (2013) #1","type":"cover"}],"returned":7},"events":{"available":0,"collectionURI":"http://gateway.marvel.com/v1/public/characters/1017100/events","items":[],"returned":0},"urls":[{"type":"detail","url":"http://marvel.com/characters/76/a-bomb?utm_campaign=apiRef&amp;utm_source=bce4864d4864972f92a041912036d003"},{"type":"comiclink","url":"http://marvel.com/comics/characters/1017100/a-bomb_has?utm_campaign=apiRef&amp;utm_source=bce4864d4864972f92a041912036d003"}]},{"id":1009144,"name":"A.I.M.","description":"AIM is a terrorist organization bent on destroying the world.","modified":"2013-10-17T14:41:30-0400","thumbnail":{"path":"http://i.annihil.us/u/prod/marvel/i/mg/6/20/52602f21f29ec","extension":"jpg"},"resourceURI":"http://gateway.marvel.com/v1/public/characters/1009144","comics":{"available":52,"collectionURI":"http://gateway.marvel.com/v1/public/characters/1009144/comics","items":[{"resourceURI":"http://gateway.marvel.com/v1/public/comics/36763","name":"Ant-Man &amp; the Wasp (2010) #3"},{"resourceURI":"http://gateway.marvel.com/v1/public/comics/17553","name":"Avengers (1998) #67"},{"resourceURI":"http://gateway.marvel.com/v1/public/comics/7340","name":"Avengers (1963) #87"},{"resourceURI":"http://gateway.marvel.com/v1/public/comics/4214","name":"Avengers and Power Pack Assemble! (2006) #2"},{"resourceURI":"http://gateway.marvel.com/v1/public/comics/63217","name":"Avengers and Power Pack (2017) #3"},{"resourceURI":"http://gateway.marvel.com/v1/public/comics/63218","name":"Avengers and Power Pack (2017) #4"},{"resourceURI":"http://gateway.marvel.com/v1/public/comics/63219","name":"Avengers and Power Pack (2017) #5"},{"resourceURI":"http://gateway.marvel.com/v1/public/comics/63220","name":"Avengers and Power Pack (2017) #6"},{"resourceURI":"http://gateway.marvel.com/v1... (set the log level to DEBUG or TRACE to see the full content) 
 </msg>
<msg timestamp="20220801 17:25:10.849" level="INFO">C:\Users\renan.neves\Documents\teste_softw_estudo_31_07\teste_software\lib\site-packages\urllib3\connectionpool.py:1045: InsecureRequestWarning: Unverified HTTPS request is being made to host 'proxy.la.interbrew.net'. Adding certificate verification is strongly advised. See: https://urllib3.readthedocs.io/en/1.26.x/advanced-usage.html#ssl-warnings
  warnings.warn(</msg>
<msg timestamp="20220801 17:25:10.849" level="INFO">${response_char} = &lt;Response [200]&gt;</msg>
<status status="PASS" starttime="20220801 17:25:09.459" endtime="20220801 17:25:10.849"/>
</kw>
<kw name="Log To Console" library="BuiltIn">
<arg>${response_char}</arg>
<doc>Logs the given message to the console.</doc>
<status status="PASS" starttime="20220801 17:25:10.850" endtime="20220801 17:25:10.850"/>
</kw>
<kw name="Set Test Variable" library="BuiltIn">
<arg>${response_char}</arg>
<doc>Makes a variable available everywhere within the scope of the current test.</doc>
<msg timestamp="20220801 17:25:10.851" level="INFO">${response_char} = &lt;Response [200]&gt;</msg>
<status status="PASS" starttime="20220801 17:25:10.850" endtime="20220801 17:25:10.851"/>
</kw>
<status status="PASS" starttime="20220801 17:25:09.458" endtime="20220801 17:25:10.851"/>
</kw>
<kw name="Fazer a validacao dos campos necessarios" library="char_marvel">
<kw name="Request Should Be Successful" library="RequestsLibrary">
<arg>${response_char}</arg>
<doc>Fails if response status code is a client or server error (4xx, 5xx).</doc>
<status status="PASS" starttime="20220801 17:25:10.852" endtime="20220801 17:25:10.852"/>
</kw>
<kw name="Should Not Be Empty" library="BuiltIn">
<arg>${response_char.json()}[data]</arg>
<doc>Verifies that the given item is not empty.</doc>
<msg timestamp="20220801 17:25:10.854" level="INFO">Length is 5</msg>
<status status="PASS" starttime="20220801 17:25:10.852" endtime="20220801 17:25:10.854"/>
</kw>
<status status="PASS" starttime="20220801 17:25:10.851" endtime="20220801 17:25:10.854"/>
</kw>
<status status="PASS" starttime="20220801 17:25:09.457" endtime="20220801 17:25:10.855"/>
</test>
<status status="PASS" starttime="20220801 17:25:09.335" endtime="20220801 17:25:10.856"/>
</suite>
<statistics>
<total>
<stat pass="1" fail="0" skip="0">All Tests</stat>
</total>
<tag>
</tag>
<suite>
<stat pass="1" fail="0" skip="0" id="s1" name="Char Marvel">Char Marvel</stat>
</suite>
</statistics>
<errors>
</errors>
</robot>
